[0.014s] Invoking command in '/home/van/rm_ws/build/cpp_pubsub': CMAKE_PREFIX_PATH=${CMAKE_PREFIX_PATH}:/home/van/dev_ws/install/learning_urdf:/home/van/dev_ws/install/learning_topic:/home/van/dev_ws/install/learning_tf:/home/van/dev_ws/install/learning_service:/home/van/dev_ws/install/learning_qos:/home/van/dev_ws/install/learning_pkg_python:/home/van/dev_ws/install/learning_parameter:/home/van/dev_ws/install/learning_node:/home/van/dev_ws/install/learning_launch:/home/van/dev_ws/install/learning_action:/home/van/dev_ws/install/learning_gazebo_fortress:/home/van/dev_ws/install/learning_gazebo:/home/van/dev_ws/install/learning_cv:/opt/ros/humble /usr/bin/cmake --build /home/van/rm_ws/build/cpp_pubsub -- -j32 -l32
[0.039s] [35m[1mConsolidate compiler generated dependencies of target listener[0m
[0.049s] [ 50%] [32mBuilding CXX object CMakeFiles/listener.dir/src/fps.cpp.o[0m
[0.201s] [01m[K/home/van/rm_ws/src/cpp_pubsub/src/fps.cpp:49:13:[m[K [01;35m[Kwarning: [m[Kcharacter constant too long for its type
[0.201s]    49 |     imwrite([01;35m[K'a.jpg'[m[K,img);
[0.202s]       |             [01;35m[K^~~~~~~[m[K
[2.408s] [01m[K/home/van/rm_ws/src/cpp_pubsub/src/fps.cpp:[m[K In member function â€˜[01m[Kvoid ArmorDetectorNode::imageCallback(sensor_msgs::msg::Image_<std::allocator<void> >::ConstSharedPtr)[m[Kâ€™:
[2.408s] [01m[K/home/van/rm_ws/src/cpp_pubsub/src/fps.cpp:49:13:[m[K [01;31m[Kerror: [m[Kinvalid initialization of reference of type â€˜[01m[Kconst String&[m[Kâ€™ {aka â€˜[01m[Kconst std::__cxx11::basic_string<char>&[m[Kâ€™} from expression of type â€˜[01m[Kint[m[Kâ€™
[2.408s] In file included from [01m[K/usr/local/include/opencv4/opencv2/highgui.hpp:48[m[K,
[2.408s]                  from [01m[K/usr/local/include/opencv4/opencv2/opencv.hpp:68[m[K,
[2.408s]                  from [01m[K/home/van/rm_ws/src/cpp_pubsub/src/fps.cpp:19[m[K:
[2.408s] [01m[K/usr/local/include/opencv4/opencv2/imgcodecs.hpp:267:42:[m[K [01;36m[Knote: [m[Kin passing argument 1 of â€˜[01m[Kbool cv::imwrite(const String&, cv::InputArray, const std::vector<int>&)[m[Kâ€™
[2.408s]   267 | CV_EXPORTS_W bool imwrite( [01;36m[Kconst String& filename[m[K, InputArray img,
[2.408s]       |                            [01;36m[K~~~~~~~~~~~~~~^~~~~~~~[m[K
[4.582s] gmake[2]: *** [CMakeFiles/listener.dir/build.make:76ï¼šCMakeFiles/listener.dir/src/fps.cpp.o] é”™è¯¯ 1
[4.582s] gmake[1]: *** [CMakeFiles/Makefile2:137ï¼šCMakeFiles/listener.dir/all] é”™è¯¯ 2
[4.583s] gmake: *** [Makefile:146ï¼šall] é”™è¯¯ 2
[4.585s] Invoked command in '/home/van/rm_ws/build/cpp_pubsub' returned '2': CMAKE_PREFIX_PATH=${CMAKE_PREFIX_PATH}:/home/van/dev_ws/install/learning_urdf:/home/van/dev_ws/install/learning_topic:/home/van/dev_ws/install/learning_tf:/home/van/dev_ws/install/learning_service:/home/van/dev_ws/install/learning_qos:/home/van/dev_ws/install/learning_pkg_python:/home/van/dev_ws/install/learning_parameter:/home/van/dev_ws/install/learning_node:/home/van/dev_ws/install/learning_launch:/home/van/dev_ws/install/learning_action:/home/van/dev_ws/install/learning_gazebo_fortress:/home/van/dev_ws/install/learning_gazebo:/home/van/dev_ws/install/learning_cv:/opt/ros/humble /usr/bin/cmake --build /home/van/rm_ws/build/cpp_pubsub -- -j32 -l32
