[01m[K/home/van/rm_ws/src/my_node_package/src/my_node.cpp:2:10:[m[K [01;31m[Kfatal error: [m[Kstd_msgs/msg/float64_multi_array.hpp: æ²¡æœ‰é‚£ä¸ªæ–‡ä»¶æˆ–ç›®å½•
    2 | #include [01;31m[K<std_msgs/msg/float64_multi_array.hpp>[m[K
      |          [01;31m[K^~~~~~~~~~~~~~~~~~~~~~~~~~~~~~~~~~~~~~[m[K
compilation terminated.
gmake[2]: *** [CMakeFiles/my_node.dir/build.make:76ï¼šCMakeFiles/my_node.dir/src/my_node.cpp.o] é”™è¯¯ 1
gmake[1]: *** [CMakeFiles/Makefile2:137ï¼šCMakeFiles/my_node.dir/all] é”™è¯¯ 2
gmake: *** [Makefile:146ï¼šall] é”™è¯¯ 2
