[0.008s] Invoking command in '/home/van/rm_ws/build/my_node_package': CMAKE_PREFIX_PATH=${CMAKE_PREFIX_PATH}:/home/van/dev_ws/install/learning_urdf:/home/van/dev_ws/install/learning_topic:/home/van/dev_ws/install/learning_tf:/home/van/dev_ws/install/learning_service:/home/van/dev_ws/install/learning_qos:/home/van/dev_ws/install/learning_pkg_python:/home/van/dev_ws/install/learning_parameter:/home/van/dev_ws/install/learning_node:/home/van/dev_ws/install/learning_launch:/home/van/dev_ws/install/learning_action:/home/van/dev_ws/install/learning_gazebo_fortress:/home/van/dev_ws/install/learning_gazebo:/home/van/dev_ws/install/learning_cv:/opt/ros/humble /usr/bin/cmake --build /home/van/rm_ws/build/my_node_package -- -j32 -l32
[0.023s] -- Found ament_cmake: 1.3.10 (/opt/ros/humble/share/ament_cmake/cmake)
[0.095s] -- Found rclcpp: 16.0.10 (/opt/ros/humble/share/rclcpp/cmake)
[0.109s] -- Found rosidl_generator_c: 3.1.5 (/opt/ros/humble/share/rosidl_generator_c/cmake)
[0.110s] -- Found rosidl_adapter: 3.1.5 (/opt/ros/humble/share/rosidl_adapter/cmake)
[0.113s] -- Found rosidl_generator_cpp: 3.1.5 (/opt/ros/humble/share/rosidl_generator_cpp/cmake)
[0.117s] -- Using all available rosidl_typesupport_c: rosidl_typesupport_fastrtps_c;rosidl_typesupport_introspection_c
[0.123s] -- Using all available rosidl_typesupport_cpp: rosidl_typesupport_fastrtps_cpp;rosidl_typesupport_introspection_cpp
[0.138s] -- Found rmw_implementation_cmake: 6.1.2 (/opt/ros/humble/share/rmw_implementation_cmake/cmake)
[0.139s] -- Found rmw_fastrtps_cpp: 6.2.7 (/opt/ros/humble/share/rmw_fastrtps_cpp/cmake)
[0.195s] -- Using RMW implementation 'rmw_fastrtps_cpp' as default
[0.260s] -- Configuring done
[0.264s] -- Generating done
[0.264s] -- Build files have been written to: /home/van/rm_ws/build/my_node_package
[0.290s] [ 50%] [32mBuilding CXX object CMakeFiles/my_node.dir/src/my_node.cpp.o[0m
[0.377s] [01m[K/home/van/rm_ws/src/my_node_package/src/my_node.cpp:2:10:[m[K [01;31m[Kfatal error: [m[Kstd_msgs/msg/float64_multi_array.hpp: æ²¡æœ‰é‚£ä¸ªæ–‡ä»¶æˆ–ç›®å½•
[0.377s]     2 | #include [01;31m[K<std_msgs/msg/float64_multi_array.hpp>[m[K
[0.377s]       |          [01;31m[K^~~~~~~~~~~~~~~~~~~~~~~~~~~~~~~~~~~~~~[m[K
[0.377s] compilation terminated.
[0.382s] gmake[2]: *** [CMakeFiles/my_node.dir/build.make:76ï¼šCMakeFiles/my_node.dir/src/my_node.cpp.o] é”™è¯¯ 1
[0.382s] gmake[1]: *** [CMakeFiles/Makefile2:137ï¼šCMakeFiles/my_node.dir/all] é”™è¯¯ 2
[0.382s] gmake: *** [Makefile:146ï¼šall] é”™è¯¯ 2
[0.384s] Invoked command in '/home/van/rm_ws/build/my_node_package' returned '2': CMAKE_PREFIX_PATH=${CMAKE_PREFIX_PATH}:/home/van/dev_ws/install/learning_urdf:/home/van/dev_ws/install/learning_topic:/home/van/dev_ws/install/learning_tf:/home/van/dev_ws/install/learning_service:/home/van/dev_ws/install/learning_qos:/home/van/dev_ws/install/learning_pkg_python:/home/van/dev_ws/install/learning_parameter:/home/van/dev_ws/install/learning_node:/home/van/dev_ws/install/learning_launch:/home/van/dev_ws/install/learning_action:/home/van/dev_ws/install/learning_gazebo_fortress:/home/van/dev_ws/install/learning_gazebo:/home/van/dev_ws/install/learning_cv:/opt/ros/humble /usr/bin/cmake --build /home/van/rm_ws/build/my_node_package -- -j32 -l32
